/*C6*/SET SCHEMA PUBLIC
create table if not exists Pages (Id integer identity primary key, Name varchar(255) unique, Content clob)
/*C1*/SET SCHEMA SYSTEM_LOBS
INSERT INTO LOB_IDS VALUES(7,336,0,40)
ALTER SEQUENCE SYSTEM_LOBS.LOB_ID RESTART WITH 8
COMMIT
DELETE FROM BLOCKS WHERE BLOCK_ADDR=6
INSERT INTO BLOCKS VALUES(6,1,0)
INSERT INTO BLOCKS VALUES(7,2147483640,0)
DELETE FROM BLOCKS WHERE BLOCK_ADDR=6
INSERT INTO LOBS VALUES(6,1,0,7)
COMMIT
/*C6*/DELETE FROM PAGES WHERE ID=2
INSERT INTO PAGES VALUES(2,'qui-seme-le-vent',7)
SET SCHEMA SYSTEM_LOBS
DELETE FROM LOB_IDS WHERE LOB_ID=3
INSERT INTO LOB_IDS VALUES(3,304,0,40)
DELETE FROM LOB_IDS WHERE LOB_ID=7
INSERT INTO LOB_IDS VALUES(7,336,1,40)
COMMIT
/*C1*/INSERT INTO LOB_IDS VALUES(8,336,0,40)
ALTER SEQUENCE SYSTEM_LOBS.LOB_ID RESTART WITH 9
COMMIT
DELETE FROM BLOCKS WHERE BLOCK_ADDR=7
INSERT INTO BLOCKS VALUES(7,1,0)
INSERT INTO BLOCKS VALUES(8,2147483639,0)
DELETE FROM BLOCKS WHERE BLOCK_ADDR=7
INSERT INTO LOBS VALUES(7,1,0,8)
COMMIT
/*C6*/SET SCHEMA PUBLIC
DELETE FROM PAGES WHERE ID=2
INSERT INTO PAGES VALUES(2,'qui-seme-le-vent',8)
SET SCHEMA SYSTEM_LOBS
DELETE FROM LOB_IDS WHERE LOB_ID=7
INSERT INTO LOB_IDS VALUES(7,336,0,40)
DELETE FROM LOB_IDS WHERE LOB_ID=8
INSERT INTO LOB_IDS VALUES(8,336,1,40)
COMMIT
/*C1*/INSERT INTO LOB_IDS VALUES(9,236,0,40)
ALTER SEQUENCE SYSTEM_LOBS.LOB_ID RESTART WITH 10
COMMIT
DELETE FROM BLOCKS WHERE BLOCK_ADDR=8
INSERT INTO BLOCKS VALUES(8,1,0)
INSERT INTO BLOCKS VALUES(9,2147483638,0)
DELETE FROM BLOCKS WHERE BLOCK_ADDR=8
INSERT INTO LOBS VALUES(8,1,0,9)
COMMIT
/*C6*/SET SCHEMA PUBLIC
INSERT INTO PAGES VALUES(5,'Reactive programming with Vert.x',9)
SET SCHEMA SYSTEM_LOBS
DELETE FROM LOB_IDS WHERE LOB_ID=9
INSERT INTO LOB_IDS VALUES(9,236,1,40)
COMMIT
